0 verbose cli C:\Program Files\nodejs\node.exe C:\Program Files\nodejs\node_modules\npm\bin\npm-cli.js
1 info using npm@11.6.2
2 info using node@v24.13.0
3 silly config load:file:C:\Program Files\nodejs\node_modules\npm\npmrc
4 silly config load:file:C:\Users\Rishabh\Downloads\vc-icebreaker\vc-icebreaker\.npmrc
5 silly config load:file:C:\Users\Rishabh\.npmrc
6 silly config load:file:C:\Users\Rishabh\AppData\Roaming\npm\etc\npmrc
7 verbose title npm install socket.io-client
8 verbose argv "install" "socket.io-client" "--save-dev" "--cache" ".npm-cache" "--prefer-offline"
9 verbose logfile logs-max:10 dir:C:\Users\Rishabh\Downloads\vc-icebreaker\vc-icebreaker\.npm-cache\_logs\2026-02-23T21_00_29_290Z-
10 verbose logfile C:\Users\Rishabh\Downloads\vc-icebreaker\vc-icebreaker\.npm-cache\_logs\2026-02-23T21_00_29_290Z-debug-0.log
11 silly logfile done cleaning log files
12 silly packumentCache heap:2348810240 maxSize:587202560 maxEntrySize:293601280
13 silly idealTree buildDeps
14 silly fetch manifest socket.io-client@*
15 silly packumentCache full:https://registry.npmjs.org/socket.io-client cache-miss
16 http fetch GET https://registry.npmjs.org/npm attempt 1 failed with EACCES
17 http fetch GET https://registry.npmjs.org/socket.io-client attempt 1 failed with EACCES
18 http fetch GET https://registry.npmjs.org/npm attempt 2 failed with EACCES
19 http fetch GET https://registry.npmjs.org/socket.io-client attempt 2 failed with EACCES
20 http fetch GET https://registry.npmjs.org/npm attempt 3 failed with EACCES
21 http fetch GET https://registry.npmjs.org/socket.io-client attempt 3 failed with EACCES
22 silly placeDep ROOT socket.io-client@ OK for: vc-icebreaker@1.0.0 want: *
23 verbose type system
24 verbose stack FetchError: request to https://registry.npmjs.org/socket.io-client failed, reason: 
24 verbose stack     at ClientRequest.<anonymous> (C:\Program Files\nodejs\node_modules\npm\node_modules\minipass-fetch\lib\index.js:130:14)
24 verbose stack     at ClientRequest.emit (node:events:508:28)
24 verbose stack     at emitErrorEvent (node:_http_client:108:11)
24 verbose stack     at _destroy (node:_http_client:962:9)
24 verbose stack     at onSocketNT (node:_http_client:982:5)
24 verbose stack     at process.processTicksAndRejections (node:internal/process/task_queues:90:21)
25 error code EACCES
26 error errno EACCES
27 error FetchError: request to https://registry.npmjs.org/socket.io-client failed, reason: 
27 error     at ClientRequest.<anonymous> (C:\Program Files\nodejs\node_modules\npm\node_modules\minipass-fetch\lib\index.js:130:14)
27 error     at ClientRequest.emit (node:events:508:28)
27 error     at emitErrorEvent (node:_http_client:108:11)
27 error     at _destroy (node:_http_client:962:9)
27 error     at onSocketNT (node:_http_client:982:5)
27 error     at process.processTicksAndRejections (node:internal/process/task_queues:90:21) {
27 error   code: 'EACCES',
27 error   errno: 'EACCES',
27 error   type: 'system',
27 error   requiredBy: '.'
27 error }
28 error
28 error The operation was rejected by your operating system.
28 error It's possible that the file was already in use (by a text editor or antivirus),
28 error or that you lack permissions to access it.
28 error
28 error If you believe this might be a permissions issue, please double-check the
28 error permissions of the file and its containing directories, or try running
28 error the command again as root/Administrator.
29 silly unfinished npm timer reify 1771880430788
30 silly unfinished npm timer reify:loadTrees 1771880430789
31 verbose cwd C:\Users\Rishabh\Downloads\vc-icebreaker\vc-icebreaker
32 verbose os Windows_NT 10.0.19045
33 verbose node v24.13.0
34 verbose npm  v11.6.2
35 verbose exit 1
36 verbose code 1
37 error A complete log of this run can be found in: C:\Users\Rishabh\Downloads\vc-icebreaker\vc-icebreaker\.npm-cache\_logs\2026-02-23T21_00_29_290Z-debug-0.log
